
=== Mon Aug  2 19:32:00 2021

Packages were changed.
Update Mode: updateDependencies

The following packages were added:
  com.unity.ide.visualstudio@2.0.7

=== Wed Aug  4 08:38:00 2021

Packages were changed.
Update Mode: updateDependencies

The following packages were updated:
  com.unity.ide.rider from version 3.0.5 to 3.0.7
  com.unity.ide.visualstudio from version 2.0.7 to 2.0.9
  com.unity.test-framework from version 1.1.24 to 1.1.27

=== Sat Oct 29 10:42:03 2022

Packages were changed.
Update Mode: updateDependencies

The following packages were updated:
  com.unity.ide.rider from version 3.0.7 to 3.0.15
  com.unity.ide.visualstudio from version 2.0.12 to 2.0.16
  com.unity.inputsystem from version 1.1.0-preview.3 to 1.4.2
  com.unity.nuget.newtonsoft-json from version 2.0.0 to 3.0.2
  com.unity.postprocessing from version 3.1.1 to 3.2.2
  com.unity.test-framework from version 1.1.27 to 1.1.31
